<?xml version="1.0" encoding="UTF-8"?>
<testsuite xmlns:xsi="http://www.w3.org/2001/XMLSchema-instance" xsi:noNamespaceSchemaLocation="https://maven.apache.org/surefire/maven-surefire-plugin/xsd/surefire-test-report-3.0.xsd" version="3.0" name="com.algomart.kibouregistry.KibouRegistryApplicationTests" time="6.298" tests="1" errors="0" skipped="0" failures="0">
  <properties>
[...]
</properties>
  <testcase name="contextLoads" classname="com.algomart.kibouregistry.KibouRegistryApplicationTests" time="0.009">
    <system-out><![CDATA[14:38:53.920 [main] INFO org.springframework.test.context.support.AnnotationConfigContextLoaderUtils -- Could not detect default configuration classes for test class [com.algomart.kibouregistry.KibouRegistryApplicationTests]: KibouRegistryApplicationTests does not declare any static, non-private, non-final, nested classes annotated with @Configuration.
14:38:54.086 [main] INFO org.springframework.boot.test.context.SpringBootTestContextBootstrapper -- Found @SpringBootConfiguration com.algomart.kibouregistry.KibouRegistryApplication for test class com.algomart.kibouregistry.KibouRegistryApplicationTests

  .   ____          _            __ _ _
 /\\ / ___'_ __ _ _(_)_ __  __ _ \ \ \ \
( ( )\___ | '_ | '_| | '_ \/ _` | \ \ \ \
 \\/  ___)| |_)| | | | | || (_| |  ) ) ) )
  '  |____| .__|_| |_|_| |_\__, | / / / /
 =========|_|==============|___/=/_/_/_/
 :: Spring Boot ::                (v3.2.3)

2024-09-13T14:38:54.783+01:00  INFO 2416 --- [           main] c.a.k.KibouRegistryApplicationTests      : Starting KibouRegistryApplicationTests using Java 20.0.1 with PID 2416 (started by USER in C:\Users\bayod\IdeaProjects\kibou-registry)
2024-09-13T14:38:54.785+01:00  INFO 2416 --- [           main] c.a.k.KibouRegistryApplicationTests      : No active profile set, falling back to 1 default profile: "default"
2024-09-13T14:38:55.615+01:00  INFO 2416 --- [           main] .s.d.r.c.RepositoryConfigurationDelegate : Bootstrapping Spring Data JPA repositories in DEFAULT mode.
2024-09-13T14:38:55.703+01:00  INFO 2416 --- [           main] .s.d.r.c.RepositoryConfigurationDelegate : Finished Spring Data repository scanning in 72 ms. Found 4 JPA repository interfaces.
2024-09-13T14:38:56.256+01:00  INFO 2416 --- [           main] o.hibernate.jpa.internal.util.LogHelper  : HHH000204: Processing PersistenceUnitInfo [name: default]
2024-09-13T14:38:56.356+01:00  INFO 2416 --- [           main] org.hibernate.Version                    : HHH000412: Hibernate ORM core version 6.4.4.Final
2024-09-13T14:38:56.407+01:00  INFO 2416 --- [           main] o.h.c.internal.RegionFactoryInitiator    : HHH000026: Second-level cache disabled
2024-09-13T14:38:56.566+01:00  INFO 2416 --- [           main] o.s.o.j.p.SpringPersistenceUnitInfo      : No LoadTimeWeaver setup: ignoring JPA class transformer
2024-09-13T14:38:56.600+01:00  INFO 2416 --- [           main] com.zaxxer.hikari.HikariDataSource       : HikariPool-1 - Starting...
2024-09-13T14:38:56.920+01:00  INFO 2416 --- [           main] com.zaxxer.hikari.pool.HikariPool        : HikariPool-1 - Added connection conn0: url=jdbc:h2:mem:testdb user=SA
2024-09-13T14:38:56.924+01:00  INFO 2416 --- [           main] com.zaxxer.hikari.HikariDataSource       : HikariPool-1 - Start completed.
2024-09-13T14:38:56.963+01:00  WARN 2416 --- [           main] org.hibernate.orm.deprecation            : HHH90000025: H2Dialect does not need to be specified explicitly using 'hibernate.dialect' (remove the property setting and it will be selected by default)
2024-09-13T14:38:58.298+01:00  INFO 2416 --- [           main] o.h.e.t.j.p.i.JtaPlatformInitiator       : HHH000489: No JTA platform available (set 'hibernate.transaction.jta.platform' to enable JTA platform integration)
Hibernate: drop table if exists attendance cascade 
Hibernate: drop table if exists contact_info cascade 
Hibernate: drop table if exists daily_payments cascade 
Hibernate: drop table if exists events cascade 
Hibernate: drop table if exists notifications cascade 
Hibernate: drop table if exists participant_notifications cascade 
Hibernate: drop table if exists participants cascade 
Hibernate: drop table if exists payments cascade 
Hibernate: drop sequence if exists contact_info_seq
Hibernate: create sequence contact_info_seq start with 1 increment by 50
Hibernate: create table attendance (date date, attendance_id bigint generated by default as identity, participant_id bigint not null, status varchar(255) check (status in ('PRESENT','ABSENT')), primary key (attendance_id))
Hibernate: create table contact_info (id bigint not null, address varchar(100), email varchar(255), phone varchar(255), primary key (id))
Hibernate: create table daily_payments ("event type" tinyint check ("event type" between 0 and 1), total_amount numeric(38,2), date timestamp(6), payment_id bigint generated by default as identity, primary key (payment_id))
Hibernate: create table events (attendance_id bigint unique, date timestamp(6), event_id bigint generated by default as identity, payment_id bigint unique, event_type varchar(255) check (event_type in ('REGULAR','SPECIAL')), venue varchar(255), primary key (event_id))
Hibernate: create table notifications (date timestamp(6), notification_id bigint generated by default as identity, notification_content varchar(255), status varchar(255) check (status in ('SENT','FAILED')), type varchar(255) check (type in ('EMAIL','SMS')), primary key (notification_id))
Hibernate: create table participant_notifications (notification_id bigint not null, participant_id bigint not null)
Hibernate: create table participants (contact_info_id bigint unique, event_id bigint, participant_id bigint generated by default as identity, category varchar(255) not null check (category in ('INTERN','MEMBER','SENIOR_STAFF')), name varchar(255), primary key (participant_id))
Hibernate: create table payments (total_amount numeric(38,2), date timestamp(6), payment_id bigint generated by default as identity, primary key (payment_id))
Hibernate: alter table if exists attendance add constraint FKis8b5jw3jcctne4funn08p22u foreign key (participant_id) references participants
Hibernate: alter table if exists events add constraint FKhfxan6rt7fwu826hlq3fcldll foreign key (attendance_id) references attendance
Hibernate: alter table if exists events add constraint FKmunwgdkvc705om7sdgijv7d1s foreign key (payment_id) references payments
Hibernate: alter table if exists participant_notifications add constraint FKjhce1b3mxxjgnww4xe7e1nb95 foreign key (notification_id) references notifications
Hibernate: alter table if exists participant_notifications add constraint FKauv8rp6irouqssu5b66sfansa foreign key (participant_id) references participants
Hibernate: alter table if exists participants add constraint FKsgfx4rmyt4t75nq8ud1uvwadf foreign key (contact_info_id) references contact_info
Hibernate: alter table if exists participants add constraint FKa4mcvag4jvq6b185pnffiysyw foreign key (event_id) references events
2024-09-13T14:38:58.375+01:00  INFO 2416 --- [           main] j.LocalContainerEntityManagerFactoryBean : Initialized JPA EntityManagerFactory for persistence unit 'default'
2024-09-13T14:38:58.748+01:00  INFO 2416 --- [           main] o.s.d.j.r.query.QueryEnhancerFactory     : Hibernate is in classpath; If applicable, HQL parser will be used.
2024-09-13T14:38:59.497+01:00  WARN 2416 --- [           main] JpaBaseConfiguration$JpaWebConfiguration : spring.jpa.open-in-view is enabled by default. Therefore, database queries may be performed during view rendering. Explicitly configure spring.jpa.open-in-view to disable this warning
2024-09-13T14:38:59.861+01:00  INFO 2416 --- [           main] o.s.b.a.h2.H2ConsoleAutoConfiguration    : H2 console available at '/h2-console'. Database available at 'jdbc:h2:mem:testdb'
2024-09-13T14:38:59.915+01:00  INFO 2416 --- [           main] c.a.k.KibouRegistryApplicationTests      : Started KibouRegistryApplicationTests in 5.587 seconds (process running for 8.876)
]]></system-out>
  </testcase>
</testsuite>